I0812 09:43:47.664975   14912 database.go:74] Alloted 16MB cache to C:\Users\Mentor\AppData\Roaming\Ethereum\blockchain
I0812 09:43:47.837089   14912 database.go:74] Alloted 16MB cache to C:\Users\Mentor\AppData\Roaming\Ethereum\state
I0812 09:43:47.921146   14912 database.go:74] Alloted 16MB cache to C:\Users\Mentor\AppData\Roaming\Ethereum\extra
I0812 09:43:47.979186   14912 backend.go:291] Protocol Versions: [61 60], Network Id: 1
I0812 09:43:47.983185   14912 backend.go:328] Blockchain DB Version: 3
I0812 09:43:47.992193   14912 chain_manager.go:241] Last block (#57429) 1d949f26af82ed6f1a73657096f5771356d940726957889a202439516490bb61 TD=60220174198495427
I0812 09:43:48.086255   14912 cmd.go:124] Starting Geth                                                                                                   /v1.0.1/windows/go1.4.2
I0812 09:43:48.088257   14912 server.go:312] Starting Server
I0812 09:43:49.890104   14912 nat.go:111] mapped network port udp:30303 -> 30303 (ethereum discovery) using UPNP IGDv1-IP1
I0812 09:43:49.984167   14912 udp.go:207] Listening, enode://194a6ee24fd44b0144341fd2b0a3addd2ca8ccb8dd0025f718de1ede1da129eb3111d040e4fd87ace4cdfb1ab90b749ab46a9cef2030a342bff9ae7d1b6eca10@94.252.34.89:30303
I0812 09:43:49.984167   14912 backend.go:559] Server started
I0812 09:43:49.984167   14912 server.go:549] Listening on [::]:30303
I0812 09:43:49.997177   14912 ipc_windows.go:696] IPC service started (\\.\pipe\geth.ipc)
I0812 09:43:50.004181   14912 nat.go:111] mapped network port tcp:30303 -> 30303 (ethereum p2p) using UPNP IGDv1-IP1
I0812 09:43:59.987318   14912 downloader.go:278] Block synchronisation started
I0812 09:44:02.400103   14912 chain_manager.go:662] imported 0 block(s) (0 queued 1 ignored) including 0 txs in 1.7741853s. #57429 [1d949f26 / 1d949f26]
I0812 09:44:02.904477   14912 chain_manager.go:662] imported 62 block(s) (0 queued 0 ignored) including 19 txs in 504.3738ms. #57491 [2e0e670b / 736c23d4]
I0812 09:44:03.318754   14912 chain_manager.go:662] imported 64 block(s) (0 queued 0 ignored) including 18 txs in 414.2775ms. #57555 [5357fcf1 / a35de445]
I0812 09:44:04.294624   14912 chain_manager.go:662] imported 128 block(s) (0 queued 0 ignored) including 21 txs in 969.8683ms. #57683 [d6777829 / 6a7038c4]
I0812 09:44:04.987384   14912 fdtrack.go:109] fd usage 0/0, tracked 59 [leveldb:54 p2p:3 rpc:1 upnp:1]
I0812 09:44:05.025410   14912 chain_manager.go:662] imported 128 block(s) (0 queued 0 ignored) including 17 txs in 730.7866ms. #57811 [781e681b / fdb38d65]
I0812 09:44:05.951586   14912 chain_manager.go:662] imported 128 block(s) (0 queued 0 ignored) including 16 txs in 460.3058ms. #57939 [b0f65874 / eb0ae63e]
I0812 09:44:06.687113   14912 chain_manager.go:662] imported 128 block(s) (0 queued 0 ignored) including 16 txs in 486.3237ms. #58067 [cb0292e7 / 4cfc6048]
I0812 09:44:07.404395   14912 chain_manager.go:662] imported 128 block(s) (0 queued 0 ignored) including 20 txs in 474.4097ms. #58195 [fe3ef790 / 42d36341]
I0812 09:44:08.061275   14912 chain_manager.go:662] imported 128 block(s) (0 queued 0 ignored) including 21 txs in 537.3565ms. #58323 [eae531c6 / e98e2d1b]
I0812 09:44:08.449535   14912 chain_manager.go:662] imported 128 block(s) (0 queued 0 ignored) including 24 txs in 388.2595ms. #58451 [cabf19dd / 3fa4e4a2]
I0812 09:44:08.901866   14912 chain_manager.go:662] imported 128 block(s) (0 queued 0 ignored) including 28 txs in 421.31ms. #58579 [597e9e98 / b0ba7e89]
I0812 09:44:09.521024   14912 chain_manager.go:662] imported 128 block(s) (0 queued 0 ignored) including 16 txs in 347.2305ms. #58707 [2503a0a3 / 1570693e]
I0812 09:44:10.233498   14912 chain_manager.go:662] imported 128 block(s) (0 queued 0 ignored) including 13 txs in 513.3417ms. #58835 [5a8dacc1 / ecf582fa]
I0812 09:44:10.902945   14912 chain_manager.go:662] imported 128 block(s) (0 queued 0 ignored) including 27 txs in 454.3018ms. #58963 [9fc6f2b4 / 839ab78e]
I0812 09:44:11.657471   14912 chain_manager.go:662] imported 128 block(s) (0 queued 0 ignored) including 23 txs in 475.3163ms. #59091 [ef8e6aad / 74c2a4f8]
I0812 09:44:14.487044   14912 chain_manager.go:662] imported 129 block(s) (0 queued 0 ignored) including 18 txs in 326.2182ms. #59220 [56a580d4 / 449b148f]
I0812 09:44:17.232590   14912 chain_manager.go:662] imported 130 block(s) (0 queued 0 ignored) including 37 txs in 662.442ms. #59350 [b2d675a3 / 834d3fd5]
I0812 09:44:18.426384   14912 chain_manager.go:662] imported 128 block(s) (0 queued 0 ignored) including 30 txs in 1.0206799s. #59478 [8e79bd13 / 4409fe21]
I0812 09:44:20.003435   14912 fdtrack.go:109] fd usage 0/0, tracked 63 [leveldb:55 p2p:6 rpc:1 upnp:1]
I0812 09:44:20.014441   14912 chain_manager.go:662] imported 1 block(s) (0 queued 0 ignored) including 0 txs in 9.006ms. #59479 [89dde81f / 89dde81f]
I0812 09:44:23.403745   14912 chain_manager.go:662] imported 256 block(s) (0 queued 0 ignored) including 65 txs in 1.4329537s. #59735 [2b8df78e / 8356a693]
I0812 09:44:25.093873   14912 chain_manager.go:662] imported 256 block(s) (0 queued 0 ignored) including 48 txs in 1.689127s. #59991 [4ceeb5e2 / 8f99d90c]
I0812 09:44:30.785659   14912 chain_manager.go:662] imported 32 block(s) (0 queued 0 ignored) including 21 txs in 5.6907879s. #60023 [347b6398 / d2bc264a]
I0812 09:44:32.299666   14912 chain_manager.go:662] imported 256 block(s) (0 queued 0 ignored) including 55 txs in 1.5140071s. #60279 [ca1f1482 / 3040c3cf]
I0812 09:44:34.194930   14912 chain_manager.go:662] imported 256 block(s) (0 queued 0 ignored) including 144 txs in 1.8952647s. #60535 [35d81f36 / 8c36f036]
I0812 09:44:34.998462   14912 fdtrack.go:109] fd usage 0/0, tracked 64 [leveldb:53 p2p:9 rpc:1 upnp:1]
I0812 09:44:35.726948   14912 chain_manager.go:662] imported 256 block(s) (0 queued 0 ignored) including 80 txs in 1.5320174s. #60791 [93f4473b / 47926636]
I0812 09:44:37.508132   14912 chain_manager.go:662] imported 256 block(s) (0 queued 0 ignored) including 51 txs in 1.7811842s. #61047 [b3e598ea / 75c873bf]
I0812 09:44:38.264635   14912 chain_manager.go:662] imported 64 block(s) (0 queued 0 ignored) including 14 txs in 756.5035ms. #61111 [a9561b98 / fb2f4670]
I0812 09:44:40.362032   14912 chain_manager.go:662] imported 256 block(s) (0 queued 0 ignored) including 58 txs in 2.0933932s. #61367 [fdd12ead / 62b164ce]
I0812 09:44:42.567504   14912 chain_manager.go:662] imported 256 block(s) (0 queued 0 ignored) including 53 txs in 2.2054718s. #61623 [ddb886d7 / eea8e4d3]
I0812 09:44:44.639878   14912 chain_manager.go:662] imported 256 block(s) (0 queued 0 ignored) including 52 txs in 2.0723746s. #61879 [02837569 / 396a70bc]
I0812 09:44:46.001785   14912 chain_manager.go:662] imported 256 block(s) (0 queued 0 ignored) including 46 txs in 1.361907s. #62135 [a5fd3340 / 5ae15234]
I0812 09:44:47.545812   14912 chain_manager.go:662] imported 256 block(s) (0 queued 0 ignored) including 59 txs in 1.5430269s. #62391 [00716bc5 / b67ef9cb]
I0812 09:44:49.184904   14912 chain_manager.go:662] imported 256 block(s) (0 queued 0 ignored) including 62 txs in 1.6380907s. #62647 [eba59395 / f43b61e9]
I0812 09:44:49.993442   14912 fdtrack.go:109] fd usage 0/0, tracked 62 [leveldb:53 p2p:7 rpc:1 upnp:1]
I0812 09:44:50.443742   14912 chain_manager.go:662] imported 256 block(s) (0 queued 0 ignored) including 36 txs in 1.2578377s. #62903 [0ab31113 / a53a6180]
I0812 09:44:51.821658   14912 chain_manager.go:662] imported 256 block(s) (0 queued 0 ignored) including 36 txs in 1.3779165s. #63159 [37c862f9 / 017dc5c5]
I0812 09:44:53.506780   14912 chain_manager.go:662] imported 256 block(s) (0 queued 0 ignored) including 81 txs in 1.6851221s. #63415 [aac3cde2 / ad4ddfe0]
I0812 09:44:55.626190   14912 chain_manager.go:662] imported 256 block(s) (0 queued 0 ignored) including 64 txs in 2.1194099s. #63671 [55e713cc / 33649dcd]
I0812 09:44:57.112180   14912 chain_manager.go:662] imported 256 block(s) (0 queued 0 ignored) including 64 txs in 1.4859895s. #63927 [fecbbf6e / aab16eb2]
I0812 09:44:58.990430   14912 chain_manager.go:662] imported 256 block(s) (0 queued 0 ignored) including 59 txs in 1.8782501s. #64183 [00c3e975 / 995c92d0]
I0812 09:44:59.865011   14912 chain_manager.go:662] imported 128 block(s) (0 queued 0 ignored) including 39 txs in 874.5815ms. #64311 [028f1bf8 / 8e540f6b]
I0812 09:45:04.520109   14912 chain_manager.go:662] imported 256 block(s) (0 queued 0 ignored) including 146 txs in 1.3098707s. #64567 [762bdb5f / a6fb8a9e]
I0812 09:45:05.025446   14912 fdtrack.go:109] fd usage 0/0, tracked 62 [leveldb:55 p2p:5 rpc:1 upnp:1]
I0812 09:45:07.723242   14912 chain_manager.go:662] imported 256 block(s) (0 queued 0 ignored) including 350 txs in 3.2031323s. #64823 [33801a7d / 14fcee08]
I0812 09:45:10.195887   14912 chain_manager.go:662] imported 256 block(s) (0 queued 0 ignored) including 266 txs in 2.4726456s. #65079 [e0ea6b4f / 89c1a5fe]
I0812 09:45:14.473735   14912 chain_manager.go:662] imported 256 block(s) (0 queued 0 ignored) including 298 txs in 4.2778476s. #65335 [a045391f / 7b687a83]
I0812 09:45:16.455053   14912 chain_manager.go:662] imported 256 block(s) (0 queued 0 ignored) including 71 txs in 1.981318s. #65591 [61ff19ae / be70eda7]
I0812 09:45:18.260254   14912 chain_manager.go:662] imported 256 block(s) (0 queued 0 ignored) including 89 txs in 1.8052015s. #65847 [8d8f6fe8 / f3a7225a]
I0812 09:45:19.987404   14912 fdtrack.go:109] fd usage 0/0, tracked 65 [leveldb:55 p2p:8 rpc:1 upnp:1]
I0812 09:45:20.029432   14912 chain_manager.go:662] imported 256 block(s) (0 queued 0 ignored) including 68 txs in 1.7691774s. #66103 [686c6de2 / 0c01d3a9]
I0812 09:45:21.504413   14912 chain_manager.go:662] imported 256 block(s) (0 queued 0 ignored) including 34 txs in 1.4749816s. #66359 [658bdd06 / 0a884d95]
I0812 09:45:23.398674   14912 chain_manager.go:662] imported 256 block(s) (0 queued 0 ignored) including 26 txs in 1.89326s. #66615 [4659326c / 84f67f7e]
I0812 09:45:25.171854   14912 chain_manager.go:662] imported 256 block(s) (0 queued 0 ignored) including 48 txs in 1.7731801s. #66871 [5655c3b1 / b0e19f3f]
I0812 09:45:26.534761   14912 chain_manager.go:662] imported 256 block(s) (0 queued 0 ignored) including 65 txs in 1.3619064s. #67127 [3945bb21 / 9ae140fa]
I0812 09:45:27.748568   14912 chain_manager.go:662] imported 256 block(s) (0 queued 0 ignored) including 53 txs in 1.2138066s. #67383 [692efe27 / e3dfab12]
I0812 09:45:29.045431   14912 chain_manager.go:662] imported 256 block(s) (0 queued 0 ignored) including 36 txs in 1.2958624s. #67639 [11929a40 / 64763d0e]
I0812 09:45:30.280254   14912 chain_manager.go:662] imported 256 block(s) (0 queued 0 ignored) including 14 txs in 1.234823s. #67895 [a428e5ee / 6c4ee8b0]
I0812 09:45:30.961707   14912 chain_manager.go:662] imported 129 block(s) (0 queued 0 ignored) including 13 txs in 681.4529ms. #68024 [7b5c9e7a / e31760c5]
I0812 09:45:32.672846   14912 chain_manager.go:662] imported 256 block(s) (0 queued 0 ignored) including 86 txs in 1.7111389s. #68280 [c88d1694 / 892ed8c3]
I0812 09:45:32.690858   14912 chain_manager.go:662] imported 1 block(s) (0 queued 0 ignored) including 1 txs in 18.0119ms. #68281 [b9288ed9 / b9288ed9]
I0812 09:45:34.987385   14912 fdtrack.go:109] fd usage 0/0, tracked 66 [leveldb:55 p2p:9 rpc:1 upnp:1]
I0812 09:45:43.612762   14912 chain_manager.go:662] imported 256 block(s) (0 queued 0 ignored) including 1265 txs in 6.3235384s. #68537 [09dc7f67 / 6f415422]
I0812 09:45:49.999013   14912 fdtrack.go:109] fd usage 0/0, tracked 70 [leveldb:56 p2p:12 rpc:1 upnp:1]
I0812 09:45:51.616090   14912 chain_manager.go:662] imported 256 block(s) (0 queued 0 ignored) including 1035 txs in 8.0033281s. #68793 [e3c00ceb / 13f096df]
I0812 09:46:00.206833   14912 chain_manager.go:662] imported 256 block(s) (0 queued 0 ignored) including 1093 txs in 8.5897418s. #69049 [9c63cf0c / 7a88d9a1]
I0812 09:46:01.946991   14912 chain_manager.go:662] imported 205 block(s) (0 queued 0 ignored) including 123 txs in 1.7401581s. #69254 [e439bb96 / d294a2b9]
I0812 09:46:04.888951   14912 chain_manager.go:662] imported 256 block(s) (0 queued 0 ignored) including 297 txs in 2.940959s. #69510 [9b3f2b68 / df6a172e]
I0812 09:46:05.008029   14912 fdtrack.go:109] fd usage 0/0, tracked 64 [leveldb:55 p2p:7 rpc:1 upnp:1]
I0812 09:46:06.486012   14912 chain_manager.go:662] imported 256 block(s) (0 queued 0 ignored) including 54 txs in 1.5970612s. #69766 [b4ed1a8c / 4031119a]
I0812 09:46:07.951988   14912 chain_manager.go:662] imported 256 block(s) (0 queued 0 ignored) including 79 txs in 1.4659757s. #70022 [62ed8d4c / 409fa2f1]
I0812 09:46:09.515028   14912 chain_manager.go:662] imported 256 block(s) (0 queued 0 ignored) including 62 txs in 1.5630402s. #70278 [71c11dc2 / 1841780d]
I0812 09:46:11.051049   14912 chain_manager.go:662] imported 256 block(s) (0 queued 0 ignored) including 71 txs in 1.5350216s. #70534 [1c67d899 / 4d7dc90e]
I0812 09:46:12.381936   14912 chain_manager.go:662] imported 256 block(s) (0 queued 0 ignored) including 95 txs in 1.3308863s. #70790 [9bb2e805 / 4eadfc87]
I0812 09:46:14.534368   14912 chain_manager.go:662] imported 256 block(s) (0 queued 0 ignored) including 161 txs in 2.1524325s. #71046 [d3dca467 / 3612d4ed]
I0812 09:46:16.762851   14912 chain_manager.go:662] imported 256 block(s) (0 queued 0 ignored) including 160 txs in 2.2284831s. #71302 [71499dac / 1006db31]
I0812 09:46:18.192802   14912 chain_manager.go:662] imported 256 block(s) (0 queued 0 ignored) including 116 txs in 1.4299511s. #71558 [6ffca27e / 36f573be]
I0812 09:46:19.258513   14912 chain_manager.go:662] imported 256 block(s) (0 queued 0 ignored) including 90 txs in 1.065711s. #71814 [728845d6 / ba319ebb]
I0812 09:46:19.987998   14912 fdtrack.go:109] fd usage 0/0, tracked 68 [leveldb:55 p2p:11 rpc:1 upnp:1]
I0812 09:46:20.459311   14912 chain_manager.go:662] imported 256 block(s) (0 queued 0 ignored) including 106 txs in 1.2007975s. #72070 [41af0534 / dd7ec78f]
I0812 09:46:21.698137   14912 chain_manager.go:662] imported 256 block(s) (0 queued 0 ignored) including 140 txs in 1.2388256s. #72326 [17a53efb / 1112a490]
I0812 09:46:22.527687   14912 chain_manager.go:662] imported 256 block(s) (0 queued 0 ignored) including 66 txs in 828.5503ms. #72582 [7e7decad / 652c4db5]
I0812 09:46:23.317213   14912 chain_manager.go:662] imported 256 block(s) (0 queued 0 ignored) including 28 txs in 789.5255ms. #72838 [122d6ab2 / d8aaa775]
I0812 09:46:24.138761   14912 chain_manager.go:662] imported 256 block(s) (0 queued 0 ignored) including 49 txs in 821.5479ms. #73094 [99a4080d / b4460fb5]
I0812 09:46:24.644095   14912 chain_manager.go:662] imported 130 block(s) (0 queued 0 ignored) including 32 txs in 505.3346ms. #73224 [b98ff9d2 / 06d6f325]
I0812 09:46:31.191880   14912 chain_manager.go:662] imported 1 block(s) (0 queued 1 ignored) including 0 txs in 7.0058ms. #73225 [06d6f325 / 91409d79]
I0812 09:46:31.344985   14912 chain_manager.go:662] imported 5 block(s) (0 queued 0 ignored) including 3 txs in 36.0279ms. #73230 [b1944f15 / a1843170]
I0812 09:46:31.528201   14912 chain_manager.go:662] imported 2 block(s) (0 queued 0 ignored) including 0 txs in 7.0052ms. #73232 [947711f1 / 2a784f7d]
I0812 09:46:34.987424   14912 fdtrack.go:109] fd usage 0/0, tracked 63 [leveldb:54 p2p:7 rpc:1 upnp:1]
I0812 09:46:44.426706   14912 chain_manager.go:662] imported 1 block(s) (0 queued 0 ignored) including 0 txs in 4.0009ms. #73233 [5ec203db / 5ec203db]
I0812 09:46:45.314791   14912 chain_manager.go:662] imported 0 block(s) (0 queued 1 ignored) including 0 txs in 3.9815ms. #73232 [2a784f7d / 2a784f7d]
I0812 09:46:45.389386   14912 chain_manager.go:662] imported 0 block(s) (0 queued 1 ignored) including 0 txs in 4.005ms. #73233 [5ec203db / 5ec203db]
I0812 09:46:49.987772   14912 fdtrack.go:109] fd usage 0/0, tracked 60 [leveldb:49 p2p:9 rpc:1 upnp:1]
I0812 09:46:51.798849   14912 chain_manager.go:662] imported 1 block(s) (0 queued 0 ignored) including 1 txs in 6.004ms. #73234 [dc8d55a0 / dc8d55a0]
I0812 09:47:04.989046   14912 fdtrack.go:109] fd usage 0/0, tracked 49 [leveldb:40 p2p:7 rpc:1 upnp:1]
I0812 09:47:19.987694   14912 fdtrack.go:109] fd usage 0/0, tracked 56 [leveldb:46 p2p:8 rpc:1 upnp:1]
I0812 09:47:34.987570   14912 fdtrack.go:109] fd usage 0/0, tracked 65 [leveldb:53 p2p:10 rpc:1 upnp:1]
I0812 09:47:39.230130   14912 chain_manager.go:662] imported 1 block(s) (0 queued 0 ignored) including 0 txs in 5.0016ms. #73235 [034180e7 / 034180e7]
I0812 09:47:40.818853   14912 chain_manager.go:662] imported 0 block(s) (0 queued 2 ignored) including 0 txs in 5.9841ms. #73235 [dc8d55a0 / 034180e7]
I0812 09:47:49.988614   14912 fdtrack.go:109] fd usage 0/0, tracked 68 [leveldb:56 p2p:10 rpc:1 upnp:1]
I0812 09:47:59.089589   14912 chain_manager.go:662] imported 1 block(s) (0 queued 0 ignored) including 0 txs in 5.005ms. #73236 [4a4e626f / 4a4e626f]
I0812 09:48:04.988124   14912 fdtrack.go:109] fd usage 0/0, tracked 70 [leveldb:56 p2p:12 rpc:1 upnp:1]
I0812 09:48:12.372922   14912 chain_manager.go:662] imported 1 block(s) (0 queued 0 ignored) including 2 txs in 13.0087ms. #73237 [db85f571 / db85f571]
I0812 09:48:13.832092   14912 chain_manager.go:662] imported 0 block(s) (0 queued 1 ignored) including 0 txs in 4.0061ms. #73236 [4a4e626f / 4a4e626f]
I0812 09:48:13.894863   14912 chain_manager.go:662] imported 0 block(s) (0 queued 1 ignored) including 0 txs in 4.0038ms. #73237 [db85f571 / db85f571]
I0812 09:48:19.988674   14912 fdtrack.go:109] fd usage 0/0, tracked 67 [leveldb:56 p2p:9 rpc:1 upnp:1]
I0812 09:48:24.914939   14912 chain_manager.go:662] imported 1 block(s) (0 queued 0 ignored) including 1 txs in 7.0029ms. #73238 [f483631d / f483631d]
I0812 09:48:25.456878   14912 chain_manager.go:662] imported 1 block(s) (0 queued 0 ignored) including 1 txs in 7.0006ms. #73238 [bafa610a / bafa610a]
I0812 09:48:25.548940   14912 chain_manager.go:662] imported 0 block(s) (0 queued 2 ignored) including 0 txs in 5.0022ms. #73238 [db85f571 / bafa610a]
I0812 09:48:31.830448   14912 chain_manager.go:662] imported 1 block(s) (0 queued 0 ignored) including 0 txs in 6.0017ms. #73239 [4356531c / 4356531c]
I0812 09:48:34.805716   14912 chain_manager.go:662] imported 1 block(s) (0 queued 0 ignored) including 1 txs in 7.0047ms. #73240 [98543ae7 / 98543ae7]
I0812 09:48:34.987289   14912 fdtrack.go:109] fd usage 0/0, tracked 68 [leveldb:58 p2p:8 rpc:1 upnp:1]
I0812 09:48:49.987316   14912 fdtrack.go:109] fd usage 0/0, tracked 69 [leveldb:58 p2p:10 rpc:1]
I0812 09:48:54.188171   14912 chain_manager.go:662] imported 1 block(s) (0 queued 0 ignored) including 0 txs in 5.0039ms. #73241 [c1bfe055 / c1bfe055]
I0812 09:49:01.211175   14912 chain_manager.go:662] imported 1 block(s) (0 queued 0 ignored) including 0 txs in 9.0065ms. #73242 [8a5a1e83 / 8a5a1e83]
I0812 09:49:04.987841   14912 fdtrack.go:109] fd usage 0/0, tracked 72 [leveldb:58 p2p:13 rpc:1]
I0812 09:49:19.992555   14912 fdtrack.go:109] fd usage 0/0, tracked 69 [leveldb:58 p2p:10 rpc:1]
I0812 09:49:21.276067   14912 chain_manager.go:662] imported 1 block(s) (0 queued 0 ignored) including 1 txs in 7.0058ms. #73243 [e329d5e5 / e329d5e5]
I0812 09:49:32.296136   14912 chain_manager.go:662] imported 1 block(s) (0 queued 0 ignored) including 0 txs in 47.0313ms. #73244 [136aed90 / 136aed90]
I0812 09:49:33.448340   14912 chain_manager.go:662] imported 0 block(s) (0 queued 1 ignored) including 0 txs in 3.9873ms. #73243 [e329d5e5 / e329d5e5]
I0812 09:49:33.579643   14912 chain_manager.go:662] imported 0 block(s) (0 queued 1 ignored) including 0 txs in 3.9942ms. #73244 [136aed90 / 136aed90]
I0812 09:49:34.988136   14912 fdtrack.go:109] fd usage 0/0, tracked 68 [leveldb:58 p2p:9 rpc:1]
I0812 09:49:48.394645   14912 chain_manager.go:662] imported 1 block(s) (0 queued 0 ignored) including 0 txs in 4.0032ms. #73245 [c672f583 / c672f583]
I0812 09:49:49.724530   14912 chain_manager.go:662] imported 0 block(s) (0 queued 1 ignored) including 0 txs in 11.0079ms. #73244 [136aed90 / 136aed90]
I0812 09:49:49.741541   14912 chain_manager.go:662] imported 0 block(s) (0 queued 1 ignored) including 0 txs in 4.002ms. #73245 [c672f583 / c672f583]
I0812 09:49:49.990708   14912 fdtrack.go:109] fd usage 0/0, tracked 68 [leveldb:58 p2p:9 rpc:1]
I0812 09:50:04.988952   14912 fdtrack.go:109] fd usage 0/0, tracked 68 [leveldb:58 p2p:9 rpc:1]
I0812 09:50:19.987899   14912 fdtrack.go:109] fd usage 0/0, tracked 68 [leveldb:58 p2p:9 rpc:1]
I0812 09:50:34.987863   14912 fdtrack.go:109] fd usage 0/0, tracked 68 [leveldb:58 p2p:9 rpc:1]
I0812 09:50:49.994986   14912 fdtrack.go:109] fd usage 0/0, tracked 68 [leveldb:58 p2p:9 rpc:1]
I0812 09:51:04.987586   14912 fdtrack.go:109] fd usage 0/0, tracked 68 [leveldb:58 p2p:9 rpc:1]
I0812 09:51:17.794416   14912 chain_manager.go:662] imported 1 block(s) (0 queued 0 ignored) including 0 txs in 6.004ms. #73246 [93819f55 / 93819f55]
I0812 09:51:18.615333   14912 chain_manager.go:662] imported 0 block(s) (0 queued 1 ignored) including 0 txs in 3.9582ms. #73245 [c672f583 / c672f583]
I0812 09:51:18.676464   14912 chain_manager.go:662] imported 0 block(s) (0 queued 1 ignored) including 0 txs in 3.9924ms. #73246 [93819f55 / 93819f55]
I0812 09:51:19.988228   14912 fdtrack.go:109] fd usage 0/0, tracked 68 [leveldb:58 p2p:9 rpc:1]
I0812 09:51:25.569492   14912 chain_manager.go:662] imported 1 block(s) (0 queued 0 ignored) including 1 txs in 7.0041ms. #73247 [8e5964e6 / 8e5964e6]
I0812 09:51:28.186545   14912 chain_manager.go:662] imported 0 block(s) (0 queued 2 ignored) including 0 txs in 4.0021ms. #73247 [93819f55 / 8e5964e6]
I0812 09:51:34.987389   14912 fdtrack.go:109] fd usage 0/0, tracked 68 [leveldb:58 p2p:9 rpc:1]
I0812 09:51:37.425567   14912 chain_manager.go:662] imported 1 block(s) (0 queued 0 ignored) including 0 txs in 5.005ms. #73248 [2843471b / 2843471b]
I0812 09:51:38.439991   14912 chain_manager.go:662] imported 0 block(s) (0 queued 2 ignored) including 0 txs in 5.0016ms. #73248 [8e5964e6 / 2843471b]
I0812 09:51:49.987855   14912 fdtrack.go:109] fd usage 0/0, tracked 68 [leveldb:58 p2p:9 rpc:1]
I0812 09:52:04.054367   14912 chain_manager.go:662] imported 1 block(s) (0 queued 0 ignored) including 2 txs in 8.0048ms. #73249 [bdcadfe7 / bdcadfe7]
I0812 09:52:04.987755   14912 fdtrack.go:109] fd usage 0/0, tracked 68 [leveldb:58 p2p:9 rpc:1]
I0812 09:52:18.466264   14912 chain_manager.go:662] imported 1 block(s) (0 queued 0 ignored) including 0 txs in 5.0016ms. #73250 [7c0497da / 7c0497da]
I0812 09:52:18.533564   14912 chain_manager.go:662] imported 1 block(s) (0 queued 0 ignored) including 0 txs in 5.0034ms. #73250 [2fc4f6ff / 2fc4f6ff]
I0812 09:52:18.846876   14912 chain_manager.go:662] imported 1 block(s) (0 queued 0 ignored) including 0 txs in 5.0027ms. #73251 [be97320c / be97320c]
I0812 09:52:19.988504   14912 fdtrack.go:109] fd usage 0/0, tracked 68 [leveldb:58 p2p:9 rpc:1]
I0812 09:52:21.065886   14912 chain_manager.go:662] imported 0 block(s) (0 queued 1 ignored) including 0 txs in 3.9862ms. #73250 [2fc4f6ff / 2fc4f6ff]
I0812 09:52:21.081897   14912 chain_manager.go:662] imported 0 block(s) (0 queued 1 ignored) including 0 txs in 4.0044ms. #73251 [be97320c / be97320c]
I0812 09:52:34.987581   14912 fdtrack.go:109] fd usage 0/0, tracked 68 [leveldb:58 p2p:9 rpc:1]
I0812 09:52:46.287070   14912 chain_manager.go:662] imported 1 block(s) (0 queued 0 ignored) including 0 txs in 9.0077ms. #73252 [f9834f04 / f9834f04]
I0812 09:52:49.988622   14912 fdtrack.go:109] fd usage 0/0, tracked 68 [leveldb:58 p2p:9 rpc:1]
I0812 09:52:54.408517   14912 chain_manager.go:662] imported 1 block(s) (0 queued 0 ignored) including 1 txs in 8.0059ms. #73253 [fe552c54 / fe552c54]
I0812 09:52:58.198259   14912 chain_manager.go:662] imported 0 block(s) (0 queued 2 ignored) including 0 txs in 6.0029ms. #73253 [f9834f04 / fe552c54]
I0812 09:53:04.987183   14912 fdtrack.go:109] fd usage 0/0, tracked 68 [leveldb:58 p2p:9 rpc:1]
I0812 09:53:19.988033   14912 fdtrack.go:109] fd usage 0/0, tracked 68 [leveldb:58 p2p:9 rpc:1]
I0812 09:53:34.988578   14912 fdtrack.go:109] fd usage 0/0, tracked 68 [leveldb:58 p2p:9 rpc:1]
I0812 09:53:49.989089   14912 fdtrack.go:109] fd usage 0/0, tracked 68 [leveldb:58 p2p:9 rpc:1]
I0812 09:53:54.026313   14912 chain_manager.go:662] imported 1 block(s) (0 queued 0 ignored) including 0 txs in 4.0004ms. #73254 [ca4a023f / ca4a023f]
I0812 09:54:00.664381   14912 chain_manager.go:662] imported 1 block(s) (0 queued 0 ignored) including 1 txs in 10.0056ms. #73255 [28b24457 / 28b24457]
I0812 09:54:04.065343   14912 chain_manager.go:662] imported 1 block(s) (0 queued 0 ignored) including 0 txs in 4.0027ms. #73256 [83d982e0 / 83d982e0]
I0812 09:54:04.987257   14912 fdtrack.go:109] fd usage 0/0, tracked 68 [leveldb:58 p2p:9 rpc:1]
I0812 09:54:05.596926   14912 chain_manager.go:662] imported 0 block(s) (0 queued 2 ignored) including 0 txs in 13.0092ms. #73256 [28b24457 / 83d982e0]
I0812 09:54:19.987787   14912 fdtrack.go:109] fd usage 0/0, tracked 68 [leveldb:58 p2p:9 rpc:1]
I0812 09:54:21.790985   14912 chain_manager.go:662] imported 1 block(s) (0 queued 0 ignored) including 0 txs in 10.0061ms. #73257 [be0c4421 / be0c4421]
I0812 09:54:34.987533   14912 fdtrack.go:109] fd usage 0/0, tracked 68 [leveldb:58 p2p:9 rpc:1]
I0812 09:54:49.988679   14912 fdtrack.go:109] fd usage 0/0, tracked 68 [leveldb:58 p2p:9 rpc:1]
I0812 09:55:04.987326   14912 fdtrack.go:109] fd usage 0/0, tracked 68 [leveldb:58 p2p:9 rpc:1]
I0812 09:55:07.769424   14912 chain_manager.go:662] imported 1 block(s) (0 queued 0 ignored) including 0 txs in 5.0022ms. #73251 [6086472a / 6086472a]
I0812 09:55:19.988071   14912 fdtrack.go:109] fd usage 0/0, tracked 68 [leveldb:58 p2p:9 rpc:1]
I0812 09:55:34.987940   14912 fdtrack.go:109] fd usage 0/0, tracked 68 [leveldb:58 p2p:9 rpc:1]
I0812 09:55:49.991621   14912 fdtrack.go:109] fd usage 0/0, tracked 68 [leveldb:58 p2p:9 rpc:1]
I0812 09:55:51.568565   14912 chain_manager.go:662] imported 1 block(s) (0 queued 0 ignored) including 0 txs in 6.0046ms. #73258 [3bc59ed4 / 3bc59ed4]
I0812 09:55:52.347792   14912 chain_manager.go:662] imported 1 block(s) (0 queued 0 ignored) including 0 txs in 9.006ms. #73259 [7e06b44a / 7e06b44a]
I0812 09:55:55.555857   14912 chain_manager.go:662] imported 0 block(s) (0 queued 1 ignored) including 0 txs in 3.0026ms. #73257 [be0c4421 / be0c4421]
I0812 09:55:55.657235   14912 chain_manager.go:662] imported 0 block(s) (0 queued 1 ignored) including 0 txs in 3.9953ms. #73258 [3bc59ed4 / 3bc59ed4]
I0812 09:55:57.418243   14912 chain_manager.go:662] imported 0 block(s) (0 queued 1 ignored) including 0 txs in 3.9981ms. #73259 [7e06b44a / 7e06b44a]
I0812 09:56:03.962809   14912 chain_manager.go:662] imported 1 block(s) (0 queued 0 ignored) including 0 txs in 5.0039ms. #73260 [18954acb / 18954acb]
I0812 09:56:04.987460   14912 fdtrack.go:109] fd usage 0/0, tracked 68 [leveldb:58 p2p:9 rpc:1]
I0812 09:56:08.687318   14912 chain_manager.go:662] imported 0 block(s) (0 queued 2 ignored) including 0 txs in 8.0053ms. #73260 [7e06b44a / 18954acb]
I0812 09:56:12.100948   14912 chain_manager.go:662] imported 1 block(s) (0 queued 0 ignored) including 0 txs in 5.0039ms. #73261 [f5502029 / f5502029]
I0812 09:56:19.987273   14912 fdtrack.go:109] fd usage 0/0, tracked 68 [leveldb:58 p2p:9 rpc:1]
I0812 09:56:33.529022   14912 chain_manager.go:662] imported 1 block(s) (0 queued 0 ignored) including 0 txs in 7.0041ms. #73262 [05f489dc / 05f489dc]
I0812 09:56:34.999233   14912 fdtrack.go:109] fd usage 0/0, tracked 68 [leveldb:58 p2p:9 rpc:1]
I0812 09:56:46.486851   14912 chain_manager.go:662] imported 1 block(s) (0 queued 0 ignored) including 0 txs in 25.0201ms. #73263 [185b2c83 / 185b2c83]
I0812 09:56:49.993778   14912 fdtrack.go:109] fd usage 0/0, tracked 68 [leveldb:58 p2p:9 rpc:1]
I0812 09:56:50.680006   14912 chain_manager.go:662] imported 0 block(s) (0 queued 2 ignored) including 0 txs in 6.9938ms. #73263 [05f489dc / 185b2c83]
I0812 09:56:54.646390   14912 chain_manager.go:662] imported 1 block(s) (0 queued 0 ignored) including 0 txs in 5.0078ms. #73264 [bde6f791 / bde6f791]
I0812 09:57:03.675117   14912 chain_manager.go:662] imported 1 block(s) (0 queued 0 ignored) including 0 txs in 5.0034ms. #73265 [e5e2a0e1 / e5e2a0e1]
I0812 09:57:04.987718   14912 fdtrack.go:109] fd usage 0/0, tracked 68 [leveldb:58 p2p:9 rpc:1]
I0812 09:57:10.395072   14912 chain_manager.go:662] imported 1 block(s) (0 queued 0 ignored) including 0 txs in 6.004ms. #73265 [e13a8022 / e13a8022]
I0812 09:57:19.987329   14912 fdtrack.go:109] fd usage 0/0, tracked 68 [leveldb:59 p2p:8 rpc:1]
I0812 09:57:34.988841   14912 fdtrack.go:109] fd usage 0/0, tracked 68 [leveldb:59 p2p:8 rpc:1]
I0812 09:57:35.032902   14912 chain_manager.go:662] imported 1 block(s) (0 queued 0 ignored) including 0 txs in 5.0039ms. #73266 [dadd334b / dadd334b]
I0812 09:57:42.644054   14912 chain_manager.go:662] imported 1 block(s) (0 queued 0 ignored) including 1 txs in 9.0105ms. #73267 [e2eb7e9a / e2eb7e9a]
I0812 09:57:49.987308   14912 fdtrack.go:109] fd usage 0/0, tracked 68 [leveldb:59 p2p:8 rpc:1]
I0812 09:58:04.987489   14912 fdtrack.go:109] fd usage 0/0, tracked 68 [leveldb:59 p2p:8 rpc:1]
I0812 09:58:15.371783   14912 chain_manager.go:662] imported 1 block(s) (0 queued 0 ignored) including 0 txs in 8.0076ms. #73268 [253e90b8 / 253e90b8]
I0812 09:58:19.987515   14912 fdtrack.go:109] fd usage 0/0, tracked 68 [leveldb:59 p2p:8 rpc:1]
I0812 09:58:20.337110   14912 chain_manager.go:662] imported 1 block(s) (0 queued 0 ignored) including 1 txs in 67.0452ms. #73269 [7028d835 / 7028d835]
I0812 09:58:21.402377   14912 chain_manager.go:662] imported 0 block(s) (0 queued 1 ignored) including 0 txs in 4.0015ms. #73267 [e2eb7e9a / e2eb7e9a]
I0812 09:58:26.044673   14912 chain_manager.go:662] imported 0 block(s) (0 queued 2 ignored) including 0 txs in 3.9924ms. #73269 [253e90b8 / 7028d835]
I0812 09:58:30.701621   14912 chain_manager.go:662] imported 1 block(s) (0 queued 0 ignored) including 0 txs in 6.0057ms. #73270 [53feae59 / 53feae59]
I0812 09:58:34.987506   14912 fdtrack.go:109] fd usage 0/0, tracked 68 [leveldb:59 p2p:8 rpc:1]
I0812 09:58:41.134752   14912 chain_manager.go:662] imported 1 block(s) (0 queued 0 ignored) including 0 txs in 6.0023ms. #73271 [70b9dd2e / 70b9dd2e]
I0812 09:58:44.587270   14912 chain_manager.go:662] imported 0 block(s) (0 queued 1 ignored) including 0 txs in 6.004ms. #73270 [53feae59 / 53feae59]
I0812 09:58:44.837437   14912 chain_manager.go:662] imported 0 block(s) (0 queued 1 ignored) including 0 txs in 4.0021ms. #73271 [70b9dd2e / 70b9dd2e]
I0812 09:58:49.987858   14912 fdtrack.go:109] fd usage 0/0, tracked 68 [leveldb:59 p2p:8 rpc:1]
I0812 09:59:04.987965   14912 fdtrack.go:109] fd usage 0/0, tracked 68 [leveldb:59 p2p:8 rpc:1]
I0812 09:59:06.628715   14912 chain_manager.go:662] imported 1 block(s) (0 queued 0 ignored) including 0 txs in 5.0016ms. #73272 [e0c0827b / e0c0827b]
I0812 09:59:07.604475   14912 chain_manager.go:662] imported 0 block(s) (0 queued 1 ignored) including 0 txs in 3.9964ms. #73271 [70b9dd2e / 70b9dd2e]
I0812 09:59:07.702899   14912 chain_manager.go:662] imported 0 block(s) (0 queued 1 ignored) including 0 txs in 4.0027ms. #73272 [e0c0827b / e0c0827b]
I0812 09:59:12.856493   14912 chain_manager.go:662] imported 1 block(s) (0 queued 0 ignored) including 0 txs in 5.0033ms. #73273 [971c8015 / 971c8015]
I0812 09:59:13.911561   14912 chain_manager.go:662] imported 0 block(s) (0 queued 1 ignored) including 0 txs in 4.0027ms. #73272 [e0c0827b / e0c0827b]
I0812 09:59:14.061907   14912 chain_manager.go:662] imported 0 block(s) (0 queued 1 ignored) including 0 txs in 4.0026ms. #73273 [971c8015 / 971c8015]
I0812 09:59:19.700560   14912 chain_manager.go:662] imported 1 block(s) (0 queued 0 ignored) including 0 txs in 5.005ms. #73274 [181c0471 / 181c0471]
I0812 09:59:19.988464   14912 fdtrack.go:109] fd usage 0/0, tracked 68 [leveldb:59 p2p:8 rpc:1]
I0812 09:59:21.759208   14912 chain_manager.go:662] imported 0 block(s) (0 queued 1 ignored) including 0 txs in 5.0039ms. #73273 [971c8015 / 971c8015]
I0812 09:59:21.953453   14912 chain_manager.go:662] imported 0 block(s) (0 queued 1 ignored) including 0 txs in 3.0026ms. #73274 [181c0471 / 181c0471]
I0812 09:59:34.987935   14912 fdtrack.go:109] fd usage 0/0, tracked 68 [leveldb:59 p2p:8 rpc:1]
I0812 09:59:49.988002   14912 fdtrack.go:109] fd usage 0/0, tracked 68 [leveldb:59 p2p:8 rpc:1]
I0812 09:59:58.850505   14912 chain_manager.go:662] imported 1 block(s) (0 queued 0 ignored) including 0 txs in 4.9993ms. #73275 [26401749 / 26401749]
I0812 10:00:04.989217   14912 fdtrack.go:109] fd usage 0/0, tracked 68 [leveldb:59 p2p:8 rpc:1]
I0812 10:00:19.987366   14912 fdtrack.go:109] fd usage 0/0, tracked 68 [leveldb:59 p2p:8 rpc:1]
I0812 10:00:30.132854   14912 chain_manager.go:662] imported 1 block(s) (0 queued 0 ignored) including 2 txs in 18.0114ms. #73276 [2e96a35e / 2e96a35e]
I0812 10:00:34.718603   14912 chain_manager.go:662] imported 0 block(s) (0 queued 1 ignored) including 0 txs in 5.0033ms. #73275 [26401749 / 26401749]
I0812 10:00:34.987353   14912 fdtrack.go:109] fd usage 0/0, tracked 68 [leveldb:59 p2p:8 rpc:1]
I0812 10:00:38.568028   14912 chain_manager.go:662] imported 0 block(s) (0 queued 1 ignored) including 0 txs in 4.0044ms. #73276 [2e96a35e / 2e96a35e]
I0812 10:00:47.397270   14912 chain_manager.go:662] imported 1 block(s) (0 queued 0 ignored) including 1 txs in 11.0073ms. #73277 [4f3e5eae / 4f3e5eae]
I0812 10:00:49.987674   14912 fdtrack.go:109] fd usage 0/0, tracked 68 [leveldb:59 p2p:8 rpc:1]
I0812 10:00:55.157816   14912 chain_manager.go:662] imported 1 block(s) (0 queued 0 ignored) including 1 txs in 8.0082ms. #73278 [9c0a0949 / 9c0a0949]
I0812 10:00:58.049221   14912 chain_manager.go:662] imported 0 block(s) (0 queued 1 ignored) including 0 txs in 15.0088ms. #73277 [4f3e5eae / 4f3e5eae]
I0812 10:00:58.411740   14912 chain_manager.go:662] imported 0 block(s) (0 queued 1 ignored) including 0 txs in 3.9861ms. #73278 [9c0a0949 / 9c0a0949]
I0812 10:01:01.312527   14912 chain_manager.go:662] imported 1 block(s) (0 queued 0 ignored) including 0 txs in 5.0022ms. #73279 [07ce1cd6 / 07ce1cd6]
I0812 10:01:01.443519   14912 chain_manager.go:662] imported 1 block(s) (0 queued 0 ignored) including 0 txs in 5.0016ms. #73279 [2553d23a / 2553d23a]
I0812 10:01:02.664728   14912 chain_manager.go:662] imported 0 block(s) (0 queued 2 ignored) including 0 txs in 4.9931ms. #73279 [9c0a0949 / 2553d23a]
I0812 10:01:04.987866   14912 fdtrack.go:109] fd usage 0/0, tracked 69 [leveldb:60 p2p:8 rpc:1]
I0812 10:01:19.987731   14912 fdtrack.go:109] fd usage 0/0, tracked 69 [leveldb:60 p2p:8 rpc:1]
I0812 10:01:26.801246   14912 chain_manager.go:662] imported 1 block(s) (0 queued 0 ignored) including 1 txs in 6.0057ms. #73280 [1182c81e / 1182c81e]
I0812 10:01:28.923510   14912 chain_manager.go:662] imported 0 block(s) (0 queued 1 ignored) including 0 txs in 4.0044ms. #73279 [2553d23a / 2553d23a]
I0812 10:01:29.335405   14912 chain_manager.go:662] imported 0 block(s) (0 queued 1 ignored) including 0 txs in 2.9946ms. #73280 [1182c81e / 1182c81e]
I0812 10:01:34.994739   14912 fdtrack.go:109] fd usage 0/0, tracked 69 [leveldb:60 p2p:8 rpc:1]
I0812 10:01:37.047795   14912 chain_manager.go:662] imported 1 block(s) (0 queued 0 ignored) including 1 txs in 10.005ms. #73281 [50b94938 / 50b94938]
I0812 10:01:39.309342   14912 chain_manager.go:662] imported 1 block(s) (0 queued 0 ignored) including 0 txs in 9.006ms. #73281 [368f5cd1 / 368f5cd1]
I0812 10:01:39.725124   14912 chain_manager.go:662] imported 0 block(s) (0 queued 1 ignored) including 0 txs in 25.0183ms. #73280 [1182c81e / 1182c81e]
I0812 10:01:39.968286   14912 chain_manager.go:662] imported 0 block(s) (0 queued 1 ignored) including 0 txs in 11.0079ms. #73281 [50b94938 / 50b94938]
I0812 10:01:48.057459   14912 chain_manager.go:662] imported 1 block(s) (0 queued 0 ignored) including 0 txs in 5.0028ms. #73282 [fe16d355 / fe16d355]
I0812 10:01:49.987955   14912 fdtrack.go:109] fd usage 0/0, tracked 69 [leveldb:60 p2p:8 rpc:1]
I0812 10:02:02.787382   14912 chain_manager.go:662] imported 1 block(s) (0 queued 0 ignored) including 0 txs in 20.0162ms. #73283 [846e03d5 / 846e03d5]
I0812 10:02:04.987843   14912 fdtrack.go:109] fd usage 0/0, tracked 69 [leveldb:60 p2p:8 rpc:1]
I0812 10:02:19.988650   14912 fdtrack.go:109] fd usage 0/0, tracked 69 [leveldb:60 p2p:8 rpc:1]
I0812 10:02:30.552729   14912 chain_manager.go:662] imported 1 block(s) (0 queued 0 ignored) including 0 txs in 6.0034ms. #73284 [1708b752 / 1708b752]
I0812 10:02:32.023803   14912 chain_manager.go:662] imported 0 block(s) (0 queued 1 ignored) including 0 txs in 4.0044ms. #73283 [846e03d5 / 846e03d5]
I0812 10:02:32.121814   14912 chain_manager.go:662] imported 0 block(s) (0 queued 1 ignored) including 0 txs in 4.0004ms. #73284 [1708b752 / 1708b752]
I0812 10:02:34.987198   14912 fdtrack.go:109] fd usage 0/0, tracked 69 [leveldb:60 p2p:8 rpc:1]
I0812 10:02:49.914569   14912 chain_manager.go:662] imported 1 block(s) (0 queued 0 ignored) including 1 txs in 7.9979ms. #73285 [e089a51d / e089a51d]
I0812 10:02:49.987628   14912 fdtrack.go:109] fd usage 0/0, tracked 69 [leveldb:60 p2p:8 rpc:1]
I0812 10:03:01.046977   14912 chain_manager.go:662] imported 1 block(s) (0 queued 0 ignored) including 0 txs in 4.0027ms. #73286 [ffa87031 / ffa87031]
I0812 10:03:02.471759   14912 chain_manager.go:662] imported 1 block(s) (0 queued 0 ignored) including 0 txs in 5.0033ms. #73286 [0e071645 / 0e071645]
I0812 10:03:04.987966   14912 fdtrack.go:109] fd usage 0/0, tracked 69 [leveldb:60 p2p:8 rpc:1]
I0812 10:03:16.921412   14912 chain_manager.go:662] imported 1 block(s) (0 queued 0 ignored) including 0 txs in 39.0231ms. #73287 [7286de7b / 7286de7b]
I0812 10:03:18.886035   14912 chain_manager.go:662] imported 0 block(s) (0 queued 1 ignored) including 0 txs in 4.9988ms. #73286 [ffa87031 / ffa87031]
I0812 10:03:19.995715   14912 fdtrack.go:109] fd usage 0/0, tracked 69 [leveldb:60 p2p:8 rpc:1]
I0812 10:03:21.000797   14912 chain_manager.go:662] imported 0 block(s) (0 queued 1 ignored) including 0 txs in 3.9981ms. #73287 [7286de7b / 7286de7b]
I0812 10:03:34.987523   14912 fdtrack.go:109] fd usage 0/0, tracked 69 [leveldb:60 p2p:8 rpc:1]
I0812 10:03:49.987965   14912 fdtrack.go:109] fd usage 0/0, tracked 69 [leveldb:60 p2p:8 rpc:1]
I0812 10:04:04.992579   14912 fdtrack.go:109] fd usage 0/0, tracked 69 [leveldb:60 p2p:8 rpc:1]
I0812 10:04:19.987759   14912 fdtrack.go:109] fd usage 0/0, tracked 68 [leveldb:60 p2p:7 rpc:1]
I0812 10:04:34.987708   14912 fdtrack.go:109] fd usage 0/0, tracked 68 [leveldb:60 p2p:7 rpc:1]
I0812 10:04:41.029222   14912 chain_manager.go:662] imported 1 block(s) (0 queued 0 ignored) including 0 txs in 11.0067ms. #73288 [709c6d9d / 709c6d9d]
I0812 10:04:47.562849   14912 chain_manager.go:662] imported 1 block(s) (0 queued 0 ignored) including 2 txs in 10.0072ms. #73289 [e2faf568 / e2faf568]
I0812 10:04:49.987661   14912 fdtrack.go:109] fd usage 0/0, tracked 68 [leveldb:60 p2p:7 rpc:1]
I0812 10:05:01.304499   14912 chain_manager.go:662] imported 1 block(s) (0 queued 0 ignored) including 0 txs in 4.0044ms. #73290 [51b9bc2a / 51b9bc2a]
I0812 10:05:04.988635   14912 fdtrack.go:109] fd usage 0/0, tracked 68 [leveldb:60 p2p:7 rpc:1]
I0812 10:05:19.789393   14912 chain_manager.go:662] imported 1 block(s) (0 queued 0 ignored) including 0 txs in 6.0028ms. #73291 [bbc012ed / bbc012ed]
I0812 10:05:19.989061   14912 fdtrack.go:109] fd usage 0/0, tracked 68 [leveldb:60 p2p:7 rpc:1]
I0812 10:05:24.437448   14912 chain_manager.go:662] imported 1 block(s) (0 queued 0 ignored) including 0 txs in 8.0054ms. #73292 [95e3df3f / 95e3df3f]
I0812 10:05:25.761054   14912 chain_manager.go:662] imported 0 block(s) (0 queued 2 ignored) including 0 txs in 4.0038ms. #73292 [bbc012ed / 95e3df3f]
I0812 10:05:34.987932   14912 fdtrack.go:109] fd usage 0/0, tracked 68 [leveldb:60 p2p:7 rpc:1]
I0812 10:05:48.268266   14912 chain_manager.go:662] imported 1 block(s) (0 queued 0 ignored) including 0 txs in 5.0022ms. #73293 [256e7520 / 256e7520]
I0812 10:05:49.109415   14912 chain_manager.go:662] imported 1 block(s) (0 queued 0 ignored) including 0 txs in 5.0033ms. #73293 [00817eb6 / 00817eb6]
I0812 10:05:49.987672   14912 fdtrack.go:109] fd usage 0/0, tracked 68 [leveldb:60 p2p:7 rpc:1]
I0812 10:05:51.993030   14912 chain_manager.go:662] imported 0 block(s) (0 queued 2 ignored) including 0 txs in 4.0027ms. #73293 [95e3df3f / 00817eb6]
I0812 10:06:04.987300   14912 fdtrack.go:109] fd usage 0/0, tracked 68 [leveldb:60 p2p:7 rpc:1]
I0812 10:06:19.987520   14912 fdtrack.go:109] fd usage 0/0, tracked 68 [leveldb:60 p2p:7 rpc:1]
I0812 10:06:21.536054   14912 chain_manager.go:662] imported 1 block(s) (0 queued 0 ignored) including 1 txs in 6.0023ms. #73294 [58170ba9 / 58170ba9]
I0812 10:06:22.366215   14912 chain_manager.go:662] imported 1 block(s) (0 queued 0 ignored) including 1 txs in 8.0065ms. #73294 [009fb057 / 009fb057]
I0812 10:06:34.114970   14912 chain_manager.go:662] imported 1 block(s) (0 queued 0 ignored) including 0 txs in 11.0096ms. #73295 [740626d3 / 740626d3]
I0812 10:06:34.987843   14912 fdtrack.go:109] fd usage 0/0, tracked 68 [leveldb:60 p2p:7 rpc:1]
I0812 10:06:45.084485   14912 chain_manager.go:662] imported 1 block(s) (0 queued 0 ignored) including 0 txs in 4.0026ms. #73296 [7528d06e / 7528d06e]
I0812 10:06:47.643091   14912 chain_manager.go:662] imported 0 block(s) (0 queued 2 ignored) including 0 txs in 4.9965ms. #73296 [740626d3 / 7528d06e]
I0812 10:06:49.987705   14912 fdtrack.go:109] fd usage 0/0, tracked 68 [leveldb:60 p2p:7 rpc:1]
I0812 10:07:04.987916   14912 fdtrack.go:109] fd usage 0/0, tracked 68 [leveldb:60 p2p:7 rpc:1]
I0812 10:07:17.529648   14912 chain_manager.go:662] imported 1 block(s) (0 queued 0 ignored) including 0 txs in 5.0045ms. #73297 [339a6bad / 339a6bad]
I0812 10:07:19.987479   14912 fdtrack.go:109] fd usage 0/0, tracked 68 [leveldb:60 p2p:7 rpc:1]
I0812 10:07:34.988070   14912 fdtrack.go:109] fd usage 0/0, tracked 68 [leveldb:60 p2p:7 rpc:1]
I0812 10:07:42.896438   14912 chain_manager.go:662] imported 1 block(s) (0 queued 0 ignored) including 2 txs in 13.0172ms. #73298 [9ca69a73 / 9ca69a73]
I0812 10:07:42.918444   14912 chain_manager.go:662] imported 1 block(s) (0 queued 0 ignored) including 2 txs in 9.9964ms. #73298 [625a3468 / 625a3468]
I0812 10:07:46.693120   14912 chain_manager.go:662] imported 0 block(s) (0 queued 2 ignored) including 0 txs in 3.9935ms. #73298 [339a6bad / 625a3468]
I0812 10:07:49.987710   14912 fdtrack.go:109] fd usage 0/0, tracked 68 [leveldb:60 p2p:7 rpc:1]
I0812 10:08:00.543339   14912 chain_manager.go:662] imported 1 block(s) (0 queued 0 ignored) including 0 txs in 6.0051ms. #73299 [3ad02737 / 3ad02737]
I0812 10:08:00.674259   14912 chain_manager.go:662] imported 1 block(s) (0 queued 0 ignored) including 0 txs in 4.0044ms. #73299 [7c451096 / 7c451096]
I0812 10:08:02.673825   14912 chain_manager.go:662] imported 0 block(s) (0 queued 2 ignored) including 0 txs in 4.0033ms. #73299 [625a3468 / 7c451096]
I0812 10:08:02.685832   14912 chain_manager.go:662] imported 1 block(s) (0 queued 0 ignored) including 0 txs in 4.0044ms. #73299 [d0c40256 / d0c40256]
I0812 10:08:04.987548   14912 fdtrack.go:109] fd usage 0/0, tracked 68 [leveldb:60 p2p:7 rpc:1]
I0812 10:08:19.399930   14912 chain_manager.go:662] imported 1 block(s) (0 queued 0 ignored) including 0 txs in 9.0043ms. #73300 [0645af72 / 0645af72]
I0812 10:08:19.987437   14912 fdtrack.go:109] fd usage 0/0, tracked 68 [leveldb:60 p2p:7 rpc:1]
I0812 10:08:20.618576   14912 chain_manager.go:662] imported 1 block(s) (0 queued 0 ignored) including 0 txs in 20.0139ms. #73301 [45675cf7 / 45675cf7]
I0812 10:08:34.987194   14912 fdtrack.go:109] fd usage 0/0, tracked 68 [leveldb:60 p2p:7 rpc:1]
I0812 10:08:44.058636   14912 chain_manager.go:662] imported 1 block(s) (0 queued 0 ignored) including 0 txs in 6.0034ms. #73302 [95b357f4 / 95b357f4]
I0812 10:08:47.316812   14912 chain_manager.go:662] imported 0 block(s) (0 queued 1 ignored) including 0 txs in 3.002ms. #73301 [45675cf7 / 45675cf7]
I0812 10:08:47.349060   14912 chain_manager.go:662] imported 0 block(s) (0 queued 1 ignored) including 0 txs in 2.9906ms. #73302 [95b357f4 / 95b357f4]
I0812 10:08:49.988771   14912 fdtrack.go:109] fd usage 0/0, tracked 68 [leveldb:60 p2p:7 rpc:1]
I0812 10:08:56.091316   14912 chain_manager.go:662] imported 1 block(s) (0 queued 0 ignored) including 0 txs in 6.0069ms. #73303 [948d5c5e / 948d5c5e]
I0812 10:09:04.989122   14912 fdtrack.go:109] fd usage 0/0, tracked 68 [leveldb:60 p2p:7 rpc:1]
I0812 10:09:14.678833   14912 chain_manager.go:662] imported 1 block(s) (0 queued 0 ignored) including 0 txs in 5.0033ms. #73304 [b5c8de5a / b5c8de5a]
I0812 10:09:19.770039   14912 chain_manager.go:662] imported 1 block(s) (0 queued 0 ignored) including 0 txs in 5.0033ms. #73305 [a8a8e581 / a8a8e581]
I0812 10:09:19.987579   14912 fdtrack.go:109] fd usage 0/0, tracked 68 [leveldb:60 p2p:7 rpc:1]
I0812 10:09:34.987826   14912 fdtrack.go:109] fd usage 0/0, tracked 67 [leveldb:60 p2p:6 rpc:1]
I0812 10:09:49.987234   14912 fdtrack.go:109] fd usage 0/0, tracked 67 [leveldb:60 p2p:6 rpc:1]
I0812 10:09:50.686647   14912 chain_manager.go:662] imported 1 block(s) (0 queued 0 ignored) including 0 txs in 6.0069ms. #73306 [93c011ea / 93c011ea]
I0812 10:10:04.987385   14912 fdtrack.go:109] fd usage 0/0, tracked 67 [leveldb:60 p2p:6 rpc:1]
I0812 10:10:19.988741   14912 fdtrack.go:109] fd usage 0/0, tracked 67 [leveldb:60 p2p:6 rpc:1]
I0812 10:10:24.049029   14912 chain_manager.go:662] imported 1 block(s) (0 queued 0 ignored) including 2 txs in 8.0048ms. #73307 [56238309 / 56238309]
I0812 10:10:34.987969   14912 fdtrack.go:109] fd usage 0/0, tracked 67 [leveldb:60 p2p:6 rpc:1]
I0812 10:10:47.317647   14912 chain_manager.go:662] imported 1 block(s) (0 queued 0 ignored) including 0 txs in 4.0021ms. #73308 [fb88d3b8 / fb88d3b8]
I0812 10:10:49.987424   14912 fdtrack.go:109] fd usage 0/0, tracked 67 [leveldb:60 p2p:6 rpc:1]
I0812 10:10:50.292504   14912 chain_manager.go:662] imported 1 block(s) (0 queued 0 ignored) including 0 txs in 4.0123ms. #73309 [fa691a80 / fa691a80]
I0812 10:11:04.987669   14912 fdtrack.go:109] fd usage 0/0, tracked 67 [leveldb:60 p2p:6 rpc:1]
I0812 10:11:10.081198   14912 chain_manager.go:662] imported 1 block(s) (0 queued 0 ignored) including 0 txs in 4.0027ms. #73310 [83715ec6 / 83715ec6]
I0812 10:11:19.987983   14912 fdtrack.go:109] fd usage 0/0, tracked 67 [leveldb:60 p2p:6 rpc:1]
I0812 10:11:34.988134   14912 fdtrack.go:109] fd usage 0/0, tracked 67 [leveldb:60 p2p:6 rpc:1]
I0812 10:11:49.987172   14912 fdtrack.go:109] fd usage 0/0, tracked 67 [leveldb:60 p2p:6 rpc:1]
I0812 10:11:53.037197   14912 chain_manager.go:662] imported 1 block(s) (0 queued 0 ignored) including 1 txs in 6.0023ms. #73311 [bc2c5038 / bc2c5038]
I0812 10:12:04.988330   14912 fdtrack.go:109] fd usage 0/0, tracked 67 [leveldb:60 p2p:6 rpc:1]
I0812 10:12:19.584838   14912 chain_manager.go:662] imported 1 block(s) (0 queued 0 ignored) including 0 txs in 5.0028ms. #73312 [e97917af / e97917af]
I0812 10:12:19.987704   14912 fdtrack.go:109] fd usage 0/0, tracked 67 [leveldb:60 p2p:6 rpc:1]
I0812 10:22:23.819641   14912 fdtrack.go:109] fd usage 0/0, tracked 67 [leveldb:60 p2p:6 rpc:1]
I0812 10:22:34.987340   14912 fdtrack.go:109] fd usage 0/0, tracked 63 [leveldb:60 p2p:2 rpc:1]
I0812 10:22:50.023793   14912 fdtrack.go:109] fd usage 0/0, tracked 63 [leveldb:60 p2p:2 rpc:1]
I0812 10:23:04.988750   14912 fdtrack.go:109] fd usage 0/0, tracked 63 [leveldb:60 p2p:2 rpc:1]
I0812 10:23:19.988094   14912 fdtrack.go:109] fd usage 0/0, tracked 63 [leveldb:60 p2p:2 rpc:1]
I0812 10:23:34.988114   14912 fdtrack.go:109] fd usage 0/0, tracked 63 [leveldb:60 p2p:2 rpc:1]
I0812 10:23:49.987949   14912 fdtrack.go:109] fd usage 0/0, tracked 63 [leveldb:60 p2p:2 rpc:1]
I0812 10:24:04.987369   14912 fdtrack.go:109] fd usage 0/0, tracked 63 [leveldb:60 p2p:2 rpc:1]
I0812 10:24:19.988809   14912 fdtrack.go:109] fd usage 0/0, tracked 63 [leveldb:60 p2p:2 rpc:1]
I0812 10:24:34.988138   14912 fdtrack.go:109] fd usage 0/0, tracked 63 [leveldb:60 p2p:2 rpc:1]
I0812 10:24:49.987325   14912 fdtrack.go:109] fd usage 0/0, tracked 63 [leveldb:60 p2p:2 rpc:1]
I0812 10:25:04.988859   14912 fdtrack.go:109] fd usage 0/0, tracked 63 [leveldb:60 p2p:2 rpc:1]
I0812 10:25:19.988112   14912 fdtrack.go:109] fd usage 0/0, tracked 63 [leveldb:60 p2p:2 rpc:1]
I0812 10:25:34.987551   14912 fdtrack.go:109] fd usage 0/0, tracked 63 [leveldb:60 p2p:2 rpc:1]
I0812 10:25:49.987311   14912 fdtrack.go:109] fd usage 0/0, tracked 63 [leveldb:60 p2p:2 rpc:1]
I0812 10:26:04.988828   14912 fdtrack.go:109] fd usage 0/0, tracked 63 [leveldb:60 p2p:2 rpc:1]
I0812 10:26:19.987515   14912 fdtrack.go:109] fd usage 0/0, tracked 63 [leveldb:60 p2p:2 rpc:1]
I0812 10:26:34.988029   14912 fdtrack.go:109] fd usage 0/0, tracked 63 [leveldb:60 p2p:2 rpc:1]
I0812 10:26:49.988565   14912 fdtrack.go:109] fd usage 0/0, tracked 63 [leveldb:60 p2p:2 rpc:1]
I0812 10:27:04.989039   14912 fdtrack.go:109] fd usage 0/0, tracked 63 [leveldb:60 p2p:2 rpc:1]
I0812 10:27:19.988252   14912 fdtrack.go:109] fd usage 0/0, tracked 63 [leveldb:60 p2p:2 rpc:1]
